Building DAG of jobs...
Using shell: /usr/bin/bash
Provided cores: 1 (use --cores to define parallelism)
Rules claiming more threads will be scaled down.
Conda environments: ignored
Job stats:
job                count    min threads    max threads
---------------  -------  -------------  -------------
all                    1              1              1
bwa_mem               16              1              1
dup_large_frag        16              1              1
dup_small_frag        16              1              1
flagstat_large        16              1              1
flagstat_small        16              1              1
frag_plot             16              1              1
index_dup             16              1              1
mark_dups             16              1              1
sort_bam              16              1              1
summary_partion        1              1              1
total                146              1              1

Select jobs to execute...

[Thu Jan  6 12:02:05 2022]
rule bwa_mem:
    input: /home/jamie/EF_genomes/210728_AHCHLLDSX2/6Jul21-9_S110_L003_R1_001.fastq.gz, /home/jamie/EF_genomes/210728_AHCHLLDSX2/6Jul21-9_S110_L003_R2_001.fastq.gz
    output: dup_test/bwa_mem/6Jul21-9_S110.bam
    log: dup_test/logs/bwa_mem/6Jul21-9_S110_map1.log
    jobid: 48
    wildcards: sample=6Jul21-9_S110
    resources: tmpdir=/tmp

[Thu Jan  6 12:02:05 2022]
Error in rule bwa_mem:
    jobid: 48
    output: dup_test/bwa_mem/6Jul21-9_S110.bam
    log: dup_test/logs/bwa_mem/6Jul21-9_S110_map1.log (check log file(s) for error message)
    shell:
        bwa mem -M -t 1 dmel_ref/DmelRef.fasta /home/jamie/EF_genomes/210728_AHCHLLDSX2/6Jul21-9_S110_L003_R1_001.fastq.gz /home/jamie/EF_genomes/210728_AHCHLLDSX2/6Jul21-9_S110_L003_R2_001.fastq.gz | samtools view -bS - > dup_test/bwa_mem/6Jul21-9_S110.bam
        (one of the commands exited with non-zero exit code; note that snakemake uses bash strict mode!)

Removing output files of failed job bwa_mem since they might be corrupted:
dup_test/bwa_mem/6Jul21-9_S110.bam
Shutting down, this might take some time.
Exiting because a job execution failed. Look above for error message
Complete log: /home/jamie/dup_testing/.snakemake/log/2022-01-06T120204.901260.snakemake.log
